[debug] [2024-12-19T12:01:10.616Z] ----------------------------------------------------------------------
[debug] [2024-12-19T12:01:10.621Z] Command:       /usr/local/bin/node /usr/local/bin/firebase init
[debug] [2024-12-19T12:01:10.621Z] CLI Version:   13.29.1
[debug] [2024-12-19T12:01:10.621Z] Platform:      darwin
[debug] [2024-12-19T12:01:10.621Z] Node Version:  v22.12.0
[debug] [2024-12-19T12:01:10.622Z] Time:          Thu Dec 19 2024 21:01:10 GMT+0900 (Korean Standard Time)
[debug] [2024-12-19T12:01:10.622Z] ----------------------------------------------------------------------
[debug] 
[debug] [2024-12-19T12:01:10.623Z] >>> [apiv2][query] GET https://firebase-public.firebaseio.com/cli.json [none]
[debug] [2024-12-19T12:01:10.649Z] > command requires scopes: ["email","openid","https://www.googleapis.com/auth/cloudplatformprojects.readonly","https://www.googleapis.com/auth/firebase","https://www.googleapis.com/auth/cloud-platform"]
[debug] [2024-12-19T12:01:10.649Z] > authorizing via signed-in user (yjlee81@gmail.com)
[info] 
     ######## #### ########  ######## ########     ###     ######  ########
     ##        ##  ##     ## ##       ##     ##  ##   ##  ##       ##
     ######    ##  ########  ######   ########  #########  ######  ######
     ##        ##  ##    ##  ##       ##     ## ##     ##       ## ##
     ##       #### ##     ## ######## ########  ##     ##  ######  ########

You're about to initialize a Firebase project in this directory:

  /Users/youngjaelee/2048

[debug] [2024-12-19T12:01:11.084Z] <<< [apiv2][status] GET https://firebase-public.firebaseio.com/cli.json 200
[debug] [2024-12-19T12:01:11.084Z] <<< [apiv2][body] GET https://firebase-public.firebaseio.com/cli.json {"cloudBuildErrorAfter":1594252800000,"cloudBuildWarnAfter":1590019200000,"defaultNode10After":1594252800000,"minVersion":"3.0.5","node8DeploysDisabledAfter":1613390400000,"node8RuntimeDisabledAfter":1615809600000,"node8WarnAfter":1600128000000}
[info] 
=== Project Setup
[info] 
[info] First, let's associate this project directory with a Firebase project.
[info] You can create multiple project aliases by running firebase use --add, 
[info] but for now we'll just set up a default project.
[info] 
[debug] [2024-12-19T12:01:28.540Z] Checked if tokens are valid: false, expires at: 1734529238444
[debug] [2024-12-19T12:01:28.540Z] Checked if tokens are valid: false, expires at: 1734529238444
[debug] [2024-12-19T12:01:28.540Z] > refreshing access token with scopes: []
[debug] [2024-12-19T12:01:28.541Z] >>> [apiv2][query] POST https://www.googleapis.com/oauth2/v3/token [none]
[debug] [2024-12-19T12:01:28.542Z] >>> [apiv2][body] POST https://www.googleapis.com/oauth2/v3/token [omitted]
[debug] [2024-12-19T12:01:28.819Z] <<< [apiv2][status] POST https://www.googleapis.com/oauth2/v3/token 200
[debug] [2024-12-19T12:01:28.820Z] <<< [apiv2][body] POST https://www.googleapis.com/oauth2/v3/token [omitted]
[debug] [2024-12-19T12:01:28.843Z] >>> [apiv2][query] GET https://firebase.googleapis.com/v1beta1/projects pageSize=100
[debug] [2024-12-19T12:01:29.615Z] <<< [apiv2][status] GET https://firebase.googleapis.com/v1beta1/projects 200
[debug] [2024-12-19T12:01:29.615Z] <<< [apiv2][body] GET https://firebase.googleapis.com/v1beta1/projects [omitted]
[info] i  Using project master-monster (Master Monster) 
[info] 
=== Hosting Setup
[debug] [2024-12-19T12:01:37.365Z] Checked if tokens are valid: true, expires at: 1734613287820
[debug] [2024-12-19T12:01:37.365Z] Checked if tokens are valid: true, expires at: 1734613287820
[debug] [2024-12-19T12:01:37.365Z] >>> [apiv2][query] GET https://firebase.googleapis.com/v1beta1/projects/master-monster [none]
[debug] [2024-12-19T12:01:38.014Z] <<< [apiv2][status] GET https://firebase.googleapis.com/v1beta1/projects/master-monster 200
[debug] [2024-12-19T12:01:38.014Z] <<< [apiv2][body] GET https://firebase.googleapis.com/v1beta1/projects/master-monster {"projectId":"master-monster","projectNumber":"374160399042","displayName":"Master Monster","name":"projects/master-monster","resources":{"hostingSite":"master-monster"},"state":"ACTIVE","etag":"1_b88d7ff3-9c55-442f-86eb-e0ce222c7591"}
[info] 
[info] Your public directory is the folder (relative to your project directory) that
[info] will contain Hosting assets to be uploaded with firebase deploy. If you
[info] have a build process for your assets, use your build's output directory.
[info] 
[debug] [2024-12-19T12:02:06.385Z] >>> [apiv2][query] GET https://www.gstatic.com/firebasejs/releases.json [none]
[debug] [2024-12-19T12:02:06.712Z] <<< [apiv2][status] GET https://www.gstatic.com/firebasejs/releases.json 200
[debug] [2024-12-19T12:02:06.713Z] <<< [apiv2][body] GET https://www.gstatic.com/firebasejs/releases.json {"current":{"version":"11.1.0","browserURL":"https://www.gstatic.com/firebasejs/11.1.0/firebase.js","packageURL":"https://www.gstatic.com/firebasejs/11.1.0/firebase.tgz"},"live":{"version":"11.1","browserURL":"https://www.gstatic.com/firebasejs/live/11.1/firebase.js","packageURL":"https://www.gstatic.com/firebasejs/live/11.1/firebase.tgz"},"components":{"analytics":"https://www.gstatic.com/firebasejs/11.1.0/firebase-analytics.js","app":"https://www.gstatic.com/firebasejs/11.1.0/firebase-app.js","app-check":"https://www.gstatic.com/firebasejs/11.1.0/firebase-app-check.js","auth":"https://www.gstatic.com/firebasejs/11.1.0/firebase-auth.js","auth/cordova":"https://www.gstatic.com/firebasejs/11.1.0/firebase-auth/cordova.js","auth/web-extension":"https://www.gstatic.com/firebasejs/11.1.0/firebase-auth/web-extension.js","functions":"https://www.gstatic.com/firebasejs/11.1.0/firebase-functions.js","firestore":"https://www.gstatic.com/firebasejs/11.1.0/firebase-firestore.js","firestore/lite":"https://www.gstatic.com/firebasejs/11.1.0/firebase-firestore/lite.js","installations":"https://www.gstatic.com/firebasejs/11.1.0/firebase-installations.js","storage":"https://www.gstatic.com/firebasejs/11.1.0/firebase-storage.js","performance":"https://www.gstatic.com/firebasejs/11.1.0/firebase-performance.js","remote-config":"https://www.gstatic.com/firebasejs/11.1.0/firebase-remote-config.js","messaging":"https://www.gstatic.com/firebasejs/11.1.0/firebase-messaging.js","messaging/sw":"https://www.gstatic.com/firebasejs/11.1.0/firebase-messaging/sw.js","database":"https://www.gstatic.com/firebasejs/11.1.0/firebase-database.js","vertexai":"https://www.gstatic.com/firebasejs/11.1.0/firebase-vertexai.js","data-connect":"https://www.gstatic.com/firebasejs/11.1.0/firebase-data-connect.js","firestore.memory":"https://www.gstatic.com/firebasejs/11.1.0/firebase-firestore.memory.js"}}
[info] i  public/index.html is unchanged 
[info] 
[info] i  Didn't detect a .git folder. Assuming /Users/youngjaelee/2048 is the project root. 
[info] i  Authorizing with GitHub to upload your service account to a GitHub repository's secrets store. 
[info] 
[info] Visit this URL on this device to log in:
[info] https://github.com/login/oauth/authorize?client_id=89cf50f02ac6aaed3484&state=70193435&redirect_uri=http%3A%2F%2Flocalhost%3A9006&scope=read%3Auser%20repo%20public_repo
[info] 
[info] Waiting for authentication...
[debug] [2024-12-19T12:02:07.320Z] >>> [apiv2][query] POST https://github.com/login/oauth/access_token [none]
[debug] [2024-12-19T12:02:07.320Z] >>> [apiv2][body] POST https://github.com/login/oauth/access_token [stream]
[debug] [2024-12-19T12:02:07.637Z] <<< [apiv2][status] POST https://github.com/login/oauth/access_token 200
[debug] [2024-12-19T12:02:07.638Z] <<< [apiv2][body] POST https://github.com/login/oauth/access_token {"access_token":"***","token_type":"bearer","scope":"read:user,repo"}
[debug] [2024-12-19T12:02:07.643Z] >>> [apiv2][query] GET https://api.github.com/user [none]
[debug] [2024-12-19T12:02:08.041Z] <<< [apiv2][status] GET https://api.github.com/user 200
[debug] [2024-12-19T12:02:08.042Z] <<< [apiv2][body] GET https://api.github.com/user {"login":"yjlee81","id":982412,"node_id":"MDQ6VXNlcjk4MjQxMg==","avatar_url":"https://private-avatars.githubusercontent.com/u/982412?jwt=eyJhbGciOiJIUzI1NiIsInR5cCI6IkpXVCJ9.eyJpc3MiOiJnaXRodWIuY29tIiwiYXVkIjoicmF3LmdpdGh1YnVzZXJjb250ZW50LmNvbSIsImtleSI6ImtleTEiLCJleHAiOjE3MzQ2MTAyNjAsIm5iZiI6MTczNDYwOTA2MCwicGF0aCI6Ii91Lzk4MjQxMiJ9.S94-_SLK2LElBNCp88gntvbtFAQt5-9sDVQl9gH_TZI&v=4","gravatar_id":"","url":"https://api.github.com/users/yjlee81","html_url":"https://github.com/yjlee81","followers_url":"https://api.github.com/users/yjlee81/followers","following_url":"https://api.github.com/users/yjlee81/following{/other_user}","gists_url":"https://api.github.com/users/yjlee81/gists{/gist_id}","starred_url":"https://api.github.com/users/yjlee81/starred{/owner}{/repo}","subscriptions_url":"https://api.github.com/users/yjlee81/subscriptions","organizations_url":"https://api.github.com/users/yjlee81/orgs","repos_url":"https://api.github.com/users/yjlee81/repos","events_url":"https://api.github.com/users/yjlee81/events{/privacy}","received_events_url":"https://api.github.com/users/yjlee81/received_events","type":"User","user_view_type":"private","site_admin":false,"name":null,"company":null,"blog":"","location":null,"email":null,"hireable":null,"bio":null,"twitter_username":null,"notification_email":null,"public_repos":2,"public_gists":0,"followers":0,"following":0,"created_at":"2011-08-16T02:01:41Z","updated_at":"2024-12-18T12:42:23Z","private_gists":0,"total_private_repos":0,"owned_private_repos":0,"disk_usage":0,"collaborators":0,"two_factor_authentication":false,"plan":{"name":"free","space":976562499,"collaborators":0,"private_repos":10000}}
[info] 
[info] ✔  Success! Logged into GitHub as yjlee81 
[info] 
