[debug] [2024-12-17T13:04:55.086Z] ----------------------------------------------------------------------
[debug] [2024-12-17T13:04:55.091Z] Command:       /usr/local/bin/node /usr/local/bin/firebase init
[debug] [2024-12-17T13:04:55.092Z] CLI Version:   13.29.1
[debug] [2024-12-17T13:04:55.092Z] Platform:      darwin
[debug] [2024-12-17T13:04:55.092Z] Node Version:  v22.12.0
[debug] [2024-12-17T13:04:55.092Z] Time:          Tue Dec 17 2024 22:04:55 GMT+0900 (Korean Standard Time)
[debug] [2024-12-17T13:04:55.092Z] ----------------------------------------------------------------------
[debug] 
[debug] [2024-12-17T13:04:55.096Z] > command requires scopes: ["email","openid","https://www.googleapis.com/auth/cloudplatformprojects.readonly","https://www.googleapis.com/auth/firebase","https://www.googleapis.com/auth/cloud-platform"]
[debug] [2024-12-17T13:04:55.096Z] > authorizing via signed-in user (yjlee81@gmail.com)
[info] 
     ######## #### ########  ######## ########     ###     ######  ########
     ##        ##  ##     ## ##       ##     ##  ##   ##  ##       ##
     ######    ##  ########  ######   ########  #########  ######  ######
     ##        ##  ##    ##  ##       ##     ## ##     ##       ## ##
     ##       #### ##     ## ######## ########  ##     ##  ######  ########

You're about to initialize a Firebase project in this directory:

  /Users/youngjaelee/2048/master-monster

[info] 
=== Project Setup
[info] 
[info] First, let's associate this project directory with a Firebase project.
[info] You can create multiple project aliases by running firebase use --add, 
[info] but for now we'll just set up a default project.
[info] 
[debug] [2024-12-17T13:05:24.722Z] Checked if tokens are valid: true, expires at: 1734443930277
[debug] [2024-12-17T13:05:24.722Z] Checked if tokens are valid: true, expires at: 1734443930277
[debug] [2024-12-17T13:05:24.724Z] >>> [apiv2][query] GET https://firebase.googleapis.com/v1beta1/projects pageSize=100
[debug] [2024-12-17T13:05:25.722Z] <<< [apiv2][status] GET https://firebase.googleapis.com/v1beta1/projects 200
[debug] [2024-12-17T13:05:25.723Z] <<< [apiv2][body] GET https://firebase.googleapis.com/v1beta1/projects [omitted]
[info] i  Using project master-monster (Master Monster) 
[info] 
=== Hosting Setup
[debug] [2024-12-17T13:05:28.290Z] Checked if tokens are valid: true, expires at: 1734443930277
[debug] [2024-12-17T13:05:28.290Z] Checked if tokens are valid: true, expires at: 1734443930277
[debug] [2024-12-17T13:05:28.290Z] >>> [apiv2][query] GET https://firebase.googleapis.com/v1beta1/projects/master-monster [none]
[debug] [2024-12-17T13:05:28.772Z] <<< [apiv2][status] GET https://firebase.googleapis.com/v1beta1/projects/master-monster 200
[debug] [2024-12-17T13:05:28.773Z] <<< [apiv2][body] GET https://firebase.googleapis.com/v1beta1/projects/master-monster {"projectId":"master-monster","projectNumber":"374160399042","displayName":"Master Monster","name":"projects/master-monster","resources":{"hostingSite":"master-monster"},"state":"ACTIVE","etag":"1_b88d7ff3-9c55-442f-86eb-e0ce222c7591"}
[info] 
[info] Your public directory is the folder (relative to your project directory) that
[info] will contain Hosting assets to be uploaded with firebase deploy. If you
[info] have a build process for your assets, use your build's output directory.
[info] 
[debug] [2024-12-17T13:07:14.299Z] >>> [apiv2][query] GET https://www.gstatic.com/firebasejs/releases.json [none]
[debug] [2024-12-17T13:07:14.634Z] <<< [apiv2][status] GET https://www.gstatic.com/firebasejs/releases.json 200
[debug] [2024-12-17T13:07:14.635Z] <<< [apiv2][body] GET https://www.gstatic.com/firebasejs/releases.json {"current":{"version":"11.1.0","browserURL":"https://www.gstatic.com/firebasejs/11.1.0/firebase.js","packageURL":"https://www.gstatic.com/firebasejs/11.1.0/firebase.tgz"},"live":{"version":"11.1","browserURL":"https://www.gstatic.com/firebasejs/live/11.1/firebase.js","packageURL":"https://www.gstatic.com/firebasejs/live/11.1/firebase.tgz"},"components":{"analytics":"https://www.gstatic.com/firebasejs/11.1.0/firebase-analytics.js","app":"https://www.gstatic.com/firebasejs/11.1.0/firebase-app.js","app-check":"https://www.gstatic.com/firebasejs/11.1.0/firebase-app-check.js","auth":"https://www.gstatic.com/firebasejs/11.1.0/firebase-auth.js","auth/cordova":"https://www.gstatic.com/firebasejs/11.1.0/firebase-auth/cordova.js","auth/web-extension":"https://www.gstatic.com/firebasejs/11.1.0/firebase-auth/web-extension.js","functions":"https://www.gstatic.com/firebasejs/11.1.0/firebase-functions.js","firestore":"https://www.gstatic.com/firebasejs/11.1.0/firebase-firestore.js","firestore/lite":"https://www.gstatic.com/firebasejs/11.1.0/firebase-firestore/lite.js","installations":"https://www.gstatic.com/firebasejs/11.1.0/firebase-installations.js","storage":"https://www.gstatic.com/firebasejs/11.1.0/firebase-storage.js","performance":"https://www.gstatic.com/firebasejs/11.1.0/firebase-performance.js","remote-config":"https://www.gstatic.com/firebasejs/11.1.0/firebase-remote-config.js","messaging":"https://www.gstatic.com/firebasejs/11.1.0/firebase-messaging.js","messaging/sw":"https://www.gstatic.com/firebasejs/11.1.0/firebase-messaging/sw.js","database":"https://www.gstatic.com/firebasejs/11.1.0/firebase-database.js","vertexai":"https://www.gstatic.com/firebasejs/11.1.0/firebase-vertexai.js","data-connect":"https://www.gstatic.com/firebasejs/11.1.0/firebase-data-connect.js","firestore.memory":"https://www.gstatic.com/firebasejs/11.1.0/firebase-firestore.memory.js"}}
[info] ✔  Wrote public/index.html 
[info] 
[info] i  Didn't detect a .git folder. Assuming /Users/youngjaelee/2048/master-monster is the project root. 
[info] i  Authorizing with GitHub to upload your service account to a GitHub repository's secrets store. 
[info] 
[info] Visit this URL on this device to log in:
[info] https://github.com/login/oauth/authorize?client_id=89cf50f02ac6aaed3484&state=1030734898&redirect_uri=http%3A%2F%2Flocalhost%3A9005&scope=read%3Auser%20repo%20public_repo
[info] 
[info] Waiting for authentication...
